# JRE version: OpenJDK Runtime Environment (8.0_141-b15) (build 1.8.0_141-8u141-b15-3~14.04-b15)
# Java VM: OpenJDK 64-Bit Server VM (25.141-b15 mixed mode linux-amd64 compressed oops)
Heap:
 def new generation   total 19008K, used 7884K [0x00000000c2200000, 0x00000000c36a0000, 0x00000000d6c00000)
  eden space 16896K,  40% used [0x00000000c2200000, 0x00000000c28b0200, 0x00000000c3280000)
  from space 2112K,  49% used [0x00000000c3280000, 0x00000000c3383150, 0x00000000c3490000)
  to   space 2112K,   0% used [0x00000000c3490000, 0x00000000c3490000, 0x00000000c36a0000)
 tenured generation   total 42368K, used 17760K [0x00000000d6c00000, 0x00000000d9560000, 0x0000000100000000)
   the space 42368K,  41% used [0x00000000d6c00000, 0x00000000d7d58210, 0x00000000d7d58400, 0x00000000d9560000)
 Metaspace       used 19886K, capacity 20040K, committed 20352K, reserved 1067008K
  class space    used 2289K, capacity 2346K, committed 2432K, reserved 1048576K
GC Heap History (10 events):
Event: 2.209 GC heap before
{Heap before GC invocations=11 (full 0):
 def new generation   total 19008K, used 18436K [0x00000000c2200000, 0x00000000c36a0000, 0x00000000d6c00000)
  eden space 16896K, 100% used [0x00000000c2200000, 0x00000000c3280000, 0x00000000c3280000)
  from space 2112K,  72% used [0x00000000c3490000, 0x00000000c3611378, 0x00000000c36a0000)
  to   space 2112K,   0% used [0x00000000c3280000, 0x00000000c3280000, 0x00000000c3490000)
 tenured generation   total 42368K, used 6703K [0x00000000d6c00000, 0x00000000d9560000, 0x0000000100000000)
   the space 42368K,  15% used [0x00000000d6c00000, 0x00000000d728bec8, 0x00000000d728c000, 0x00000000d9560000)
 Metaspace       used 19846K, capacity 20028K, committed 20352K, reserved 1067008K
  class space    used 2288K, capacity 2344K, committed 2432K, reserved 1048576K
Event: 2.214 GC heap after
Heap after GC invocations=12 (full 0):
 def new generation   total 19008K, used 2111K [0x00000000c2200000, 0x00000000c36a0000, 0x00000000d6c00000)
  eden space 16896K,   0% used [0x00000000c2200000, 0x00000000c2200000, 0x00000000c3280000)
  from space 2112K,  99% used [0x00000000c3280000, 0x00000000c348fff8, 0x00000000c3490000)
  to   space 2112K,   0% used [0x00000000c3490000, 0x00000000c3490000, 0x00000000c36a0000)
 tenured generation   total 42368K, used 8088K [0x00000000d6c00000, 0x00000000d9560000, 0x0000000100000000)
   the space 42368K,  19% used [0x00000000d6c00000, 0x00000000d73e6278, 0x00000000d73e6400, 0x00000000d9560000)
 Metaspace       used 19846K, capacity 20028K, committed 20352K, reserved 1067008K
  class space    used 2288K, capacity 2344K, committed 2432K, reserved 1048576K
}
Event: 2.288 GC heap before
{Heap before GC invocations=12 (full 0):
 def new generation   total 19008K, used 19007K [0x00000000c2200000, 0x00000000c36a0000, 0x00000000d6c00000)
  eden space 16896K, 100% used [0x00000000c2200000, 0x00000000c3280000, 0x00000000c3280000)
  from space 2112K,  99% used [0x00000000c3280000, 0x00000000c348fff8, 0x00000000c3490000)
  to   space 2112K,   0% used [0x00000000c3490000, 0x00000000c3490000, 0x00000000c36a0000)
 tenured generation   total 42368K, used 8088K [0x00000000d6c00000, 0x00000000d9560000, 0x0000000100000000)
   the space 42368K,  19% used [0x00000000d6c00000, 0x00000000d73e6278, 0x00000000d73e6400, 0x00000000d9560000)
 Metaspace       used 19852K, capacity 20028K, committed 20352K, reserved 1067008K
  class space    used 2288K, capacity 2344K, committed 2432K, reserved 1048576K
Event: 2.298 GC heap after
Heap after GC invocations=13 (full 0):
 def new generation   total 19008K, used 2112K [0x00000000c2200000, 0x00000000c36a0000, 0x00000000d6c00000)
  eden space 16896K,   0% used [0x00000000c2200000, 0x00000000c2200000, 0x00000000c3280000)
  from space 2112K, 100% used [0x00000000c3490000, 0x00000000c36a0000, 0x00000000c36a0000)
  to   space 2112K,   0% used [0x00000000c3280000, 0x00000000c3280000, 0x00000000c3490000)
 tenured generation   total 42368K, used 10119K [0x00000000d6c00000, 0x00000000d9560000, 0x0000000100000000)
   the space 42368K,  23% used [0x00000000d6c00000, 0x00000000d75e1ff8, 0x00000000d75e2000, 0x00000000d9560000)
 Metaspace       used 19852K, capacity 20028K, committed 20352K, reserved 1067008K
  class space    used 2288K, capacity 2344K, committed 2432K, reserved 1048576K
}
Event: 2.380 GC heap before
{Heap before GC invocations=13 (full 0):
 def new generation   total 19008K, used 19008K [0x00000000c2200000, 0x00000000c36a0000, 0x00000000d6c00000)
  eden space 16896K, 100% used [0x00000000c2200000, 0x00000000c3280000, 0x00000000c3280000)
  from space 2112K, 100% used [0x00000000c3490000, 0x00000000c36a0000, 0x00000000c36a0000)
  to   space 2112K,   0% used [0x00000000c3280000, 0x00000000c3280000, 0x00000000c3490000)
 tenured generation   total 42368K, used 10119K [0x00000000d6c00000, 0x00000000d9560000, 0x0000000100000000)
   the space 42368K,  23% used [0x00000000d6c00000, 0x00000000d75e1ff8, 0x00000000d75e2000, 0x00000000d9560000)
 Metaspace       used 19855K, capacity 20028K, committed 20352K, reserved 1067008K
  class space    used 2288K, capacity 2344K, committed 2432K, reserved 1048576K
Event: 2.396 GC heap after
Heap after GC invocations=14 (full 0):
 def new generation   total 19008K, used 2111K [0x00000000c2200000, 0x00000000c36a0000, 0x00000000d6c00000)
  eden space 16896K,   0% used [0x00000000c2200000, 0x00000000c2200000, 0x00000000c3280000)
  from space 2112K,  99% used [0x00000000c3280000, 0x00000000c348fff8, 0x00000000c3490000)
  to   space 2112K,   0% used [0x00000000c3490000, 0x00000000c3490000, 0x00000000c36a0000)
 tenured generation   total 42368K, used 13165K [0x00000000d6c00000, 0x00000000d9560000, 0x0000000100000000)
   the space 42368K,  31% used [0x00000000d6c00000, 0x00000000d78db400, 0x00000000d78db400, 0x00000000d9560000)
 Metaspace       used 19855K, capacity 20028K, committed 20352K, reserved 1067008K
  class space    used 2288K, capacity 2344K, committed 2432K, reserved 1048576K
}
Event: 2.484 GC heap before
{Heap before GC invocations=14 (full 0):
 def new generation   total 19008K, used 19007K [0x00000000c2200000, 0x00000000c36a0000, 0x00000000d6c00000)
  eden space 16896K, 100% used [0x00000000c2200000, 0x00000000c3280000, 0x00000000c3280000)
  from space 2112K,  99% used [0x00000000c3280000, 0x00000000c348fff8, 0x00000000c3490000)
  to   space 2112K,   0% used [0x00000000c3490000, 0x00000000c3490000, 0x00000000c36a0000)
 tenured generation   total 42368K, used 13785K [0x00000000d6c00000, 0x00000000d9560000, 0x0000000100000000)
   the space 42368K,  32% used [0x00000000d6c00000, 0x00000000d7976480, 0x00000000d7976600, 0x00000000d9560000)
 Metaspace       used 19863K, capacity 20040K, committed 20352K, reserved 1067008K
  class space    used 2289K, capacity 2346K, committed 2432K, reserved 1048576K
Event: 2.499 GC heap after
Heap after GC invocations=15 (full 0):
 def new generation   total 19008K, used 2112K [0x00000000c2200000, 0x00000000c36a0000, 0x00000000d6c00000)
  eden space 16896K,   0% used [0x00000000c2200000, 0x00000000c2200000, 0x00000000c3280000)
  from space 2112K, 100% used [0x00000000c3490000, 0x00000000c36a0000, 0x00000000c36a0000)
  to   space 2112K,   0% used [0x00000000c3280000, 0x00000000c3280000, 0x00000000c3490000)
 tenured generation   total 42368K, used 16325K [0x00000000d6c00000, 0x00000000d9560000, 0x0000000100000000)
   the space 42368K,  38% used [0x00000000d6c00000, 0x00000000d7bf1720, 0x00000000d7bf1800, 0x00000000d9560000)
 Metaspace       used 19863K, capacity 20040K, committed 20352K, reserved 1067008K
  class space    used 2289K, capacity 2346K, committed 2432K, reserved 1048576K
}
Event: 2.567 GC heap before
{Heap before GC invocations=15 (full 0):
 def new generation   total 19008K, used 19008K [0x00000000c2200000, 0x00000000c36a0000, 0x00000000d6c00000)
  eden space 16896K, 100% used [0x00000000c2200000, 0x00000000c3280000, 0x00000000c3280000)
  from space 2112K, 100% used [0x00000000c3490000, 0x00000000c36a0000, 0x00000000c36a0000)
  to   space 2112K,   0% used [0x00000000c3280000, 0x00000000c3280000, 0x00000000c3490000)
 tenured generation   total 42368K, used 16325K [0x00000000d6c00000, 0x00000000d9560000, 0x0000000100000000)
   the space 42368K,  38% used [0x00000000d6c00000, 0x00000000d7bf1720, 0x00000000d7bf1800, 0x00000000d9560000)
 Metaspace       used 19870K, capacity 20040K, committed 20352K, reserved 1067008K
  class space    used 2289K, capacity 2346K, committed 2432K, reserved 1048576K
Event: 2.571 GC heap after
Heap after GC invocations=16 (full 0):
 def new generation   total 19008K, used 1036K [0x00000000c2200000, 0x00000000c36a0000, 0x00000000d6c00000)
  eden space 16896K,   0% used [0x00000000c2200000, 0x00000000c2200000, 0x00000000c3280000)
  from space 2112K,  49% used [0x00000000c3280000, 0x00000000c3383150, 0x00000000c3490000)
  to   space 2112K,   0% used [0x00000000c3490000, 0x00000000c3490000, 0x00000000c36a0000)
 tenured generation   total 42368K, used 17760K [0x00000000d6c00000, 0x00000000d9560000, 0x0000000100000000)
   the space 42368K,  41% used [0x00000000d6c00000, 0x00000000d7d58210, 0x00000000d7d58400, 0x00000000d9560000)
 Metaspace       used 19870K, capacity 20040K, committed 20352K, reserved 1067008K
  class space    used 2289K, capacity 2346K, committed 2432K, reserved 1048576K
}

